TN:
SF:/home/sid/Siddharth/C_Works/GCOV/ArmStrong.c
FN:8,handle_signal
FN:19,main
FN:71,isArmstrong
FN:87,countDigits
FN:98,powerInt
FN:107,findArmstrongInRange
FNDA:0,handle_signal
FNDA:2,main
FNDA:133,isArmstrong
FNDA:133,countDigits
FNDA:324,powerInt
FNDA:1,findArmstrongInRange
FNF:6
FNH:5
DA:8,0
DA:9,0
DA:10,0
DA:19,2
DA:21,2
DA:22,2
DA:27,2
DA:28,2
DA:29,2
DA:30,2
DA:31,2
DA:32,2
DA:33,0
DA:34,0
DA:37,2
DA:38,1
DA:39,1
DA:40,0
DA:41,0
DA:43,1
DA:44,0
DA:45,1
DA:46,0
DA:47,1
DA:48,0
DA:50,1
DA:52,1
DA:54,1
DA:55,1
DA:56,1
DA:57,1
DA:58,1
DA:59,0
DA:60,0
DA:62,1
DA:64,0
DA:67,2
DA:71,133
DA:72,133
DA:75,133
DA:76,133
DA:78,590
DA:79,324
DA:80,324
DA:81,324
DA:83,133
DA:87,133
DA:88,133
DA:89,133
DA:90,590
DA:91,324
DA:92,324
DA:94,133
DA:98,324
DA:99,324
DA:100,1152
DA:101,828
DA:103,324
DA:107,1
DA:108,1
DA:109,1
DA:110,133
DA:111,132
DA:112,1
DA:113,1
DA:116,1
DA:117,0
DA:119,1
DA:120,1
LF:69
LH:55
end_of_record
